<?xml version="1.0" encoding="UTF-8"?>
<!-- Generated by org.testng.reporters.JUnitReportReporter -->
<testsuite skipped="0" hostname="DL3520-02010973" name="com.emc.metalnx.integration.test.healthcheck.HealthCheckTest" tests="13" failures="0" timestamp="20 Nov 2017 17:24:55 GMT" time="9.704" errors="0">
  <testcase name="testGotoGroups" time="0.623" classname="com.emc.metalnx.integration.test.healthcheck.HealthCheckTest"/>
  <testcase name="testGotoUsers" time="0.516" classname="com.emc.metalnx.integration.test.healthcheck.HealthCheckTest"/>
  <testcase name="testGotoPublic" time="0.569" classname="com.emc.metalnx.integration.test.healthcheck.HealthCheckTest"/>
  <testcase name="testGotoProfile" time="0.359" classname="com.emc.metalnx.integration.test.healthcheck.HealthCheckTest"/>
  <testcase name="testGotoRules" time="0.556" classname="com.emc.metalnx.integration.test.healthcheck.HealthCheckTest"/>
  <testcase name="testGotoTrash" time="0.677" classname="com.emc.metalnx.integration.test.healthcheck.HealthCheckTest"/>
  <testcase name="testGotoCollections" time="1.623" classname="com.emc.metalnx.integration.test.healthcheck.HealthCheckTest"/>
  <testcase name="testGotoSearch" time="0.607" classname="com.emc.metalnx.integration.test.healthcheck.HealthCheckTest"/>
  <testcase name="testGotoTemplates" time="0.405" classname="com.emc.metalnx.integration.test.healthcheck.HealthCheckTest"/>
  <testcase name="testGotoDashboard" time="1.518" classname="com.emc.metalnx.integration.test.healthcheck.HealthCheckTest"/>
  <testcase name="testGotoTickets" time="0.481" classname="com.emc.metalnx.integration.test.healthcheck.HealthCheckTest"/>
  <testcase name="testGotoResources" time="1.007" classname="com.emc.metalnx.integration.test.healthcheck.HealthCheckTest"/>
  <testcase name="testGotoFavorites" time="0.763" classname="com.emc.metalnx.integration.test.healthcheck.HealthCheckTest"/>
</testsuite> <!-- com.emc.metalnx.integration.test.healthcheck.HealthCheckTest -->
