<?xml version="1.0" encoding="UTF-8"?>
<!-- Generated by org.testng.reporters.JUnitReportReporter -->
<testsuite skipped="0" hostname="DL3520-02010973" name="com.emc.metalnx.integration.test.login.AdminLoginTest" tests="1" failures="0" timestamp="21 Nov 2017 13:48:41 GMT" time="2.412" errors="0">
  <testcase name="testLoginAsAdmin" time="2.412" classname="com.emc.metalnx.integration.test.login.AdminLoginTest"/>
</testsuite> <!-- com.emc.metalnx.integration.test.login.AdminLoginTest -->
