<?xml version="1.0" encoding="UTF-8"?>
<!-- Generated by org.testng.reporters.JUnitReportReporter -->
<testsuite skipped="0" hostname="DL3520-02010973" name="com.emc.metalnx.integration.test.login.AdminLoginTest" tests="1" failures="0" timestamp="20 Nov 2017 17:26:17 GMT" time="3.179" errors="0">
  <testcase name="testLoginAsAdmin" time="3.179" classname="com.emc.metalnx.integration.test.login.AdminLoginTest"/>
</testsuite> <!-- com.emc.metalnx.integration.test.login.AdminLoginTest -->
