<?xml version="1.0" encoding="UTF-8"?>
<!-- Generated by org.testng.reporters.JUnitReportReporter -->
<testsuite skipped="0" hostname="DL3520-02010973" name="com.emc.metalnx.integration.test.healthcheck.HealthCheckTest" tests="13" failures="0" timestamp="20 Nov 2017 19:20:51 GMT" time="8.700" errors="0">
  <testcase name="testGotoTickets" time="0.458" classname="com.emc.metalnx.integration.test.healthcheck.HealthCheckTest"/>
  <testcase name="testGotoTemplates" time="0.493" classname="com.emc.metalnx.integration.test.healthcheck.HealthCheckTest"/>
  <testcase name="testGotoCollections" time="0.748" classname="com.emc.metalnx.integration.test.healthcheck.HealthCheckTest"/>
  <testcase name="testGotoDashboard" time="1.103" classname="com.emc.metalnx.integration.test.healthcheck.HealthCheckTest"/>
  <testcase name="testGotoResources" time="1.479" classname="com.emc.metalnx.integration.test.healthcheck.HealthCheckTest"/>
  <testcase name="testGotoTrash" time="0.616" classname="com.emc.metalnx.integration.test.healthcheck.HealthCheckTest"/>
  <testcase name="testGotoUsers" time="0.557" classname="com.emc.metalnx.integration.test.healthcheck.HealthCheckTest"/>
  <testcase name="testGotoPublic" time="0.759" classname="com.emc.metalnx.integration.test.healthcheck.HealthCheckTest"/>
  <testcase name="testGotoRules" time="0.552" classname="com.emc.metalnx.integration.test.healthcheck.HealthCheckTest"/>
  <testcase name="testGotoFavorites" time="0.508" classname="com.emc.metalnx.integration.test.healthcheck.HealthCheckTest"/>
  <testcase name="testGotoGroups" time="0.434" classname="com.emc.metalnx.integration.test.healthcheck.HealthCheckTest"/>
  <testcase name="testGotoProfile" time="0.384" classname="com.emc.metalnx.integration.test.healthcheck.HealthCheckTest"/>
  <testcase name="testGotoSearch" time="0.609" classname="com.emc.metalnx.integration.test.healthcheck.HealthCheckTest"/>
</testsuite> <!-- com.emc.metalnx.integration.test.healthcheck.HealthCheckTest -->
