<?xml version="1.0" encoding="UTF-8"?>
<!-- Generated by org.testng.reporters.JUnitReportReporter -->
<testsuite skipped="0" hostname="DL3520-02010973" name="test.LoginTest" tests="1" failures="0" timestamp="20 Nov 2017 14:33:44 GMT" time="4.786" errors="0">
  <testcase name="openMyBlog" time="4.786" classname="test.LoginTest"/>
</testsuite> <!-- test.LoginTest -->
