<?xml version="1.0" encoding="UTF-8"?>
<!-- Generated by org.testng.reporters.JUnitReportReporter -->
<testsuite skipped="0" hostname="DL3520-02010973" name="com.emc.metalnx.integration.test.login.LoginTest" tests="2" failures="0" timestamp="20 Nov 2017 17:26:17 GMT" time="3.897" errors="0">
  <testcase name="testInvalidUsernameAndPasswordForLogin" time="2.426" classname="com.emc.metalnx.integration.test.login.LoginTest"/>
  <testcase name="testValidUsernameAndPasswordForLogin" time="1.471" classname="com.emc.metalnx.integration.test.login.LoginTest"/>
</testsuite> <!-- com.emc.metalnx.integration.test.login.LoginTest -->
