<?xml version="1.0" encoding="UTF-8"?>
<!-- Generated by org.testng.reporters.JUnitReportReporter -->
<testsuite skipped="0" hostname="DL3520-02010973" name="com.emc.metalnx.integration.test.healthcheck.HealthCheckTest" tests="13" failures="0" timestamp="21 Nov 2017 13:48:41 GMT" time="9.715" errors="0">
  <testcase name="testGotoTemplates" time="0.418" classname="com.emc.metalnx.integration.test.healthcheck.HealthCheckTest"/>
  <testcase name="testGotoDashboard" time="1.520" classname="com.emc.metalnx.integration.test.healthcheck.HealthCheckTest"/>
  <testcase name="testGotoPublic" time="0.608" classname="com.emc.metalnx.integration.test.healthcheck.HealthCheckTest"/>
  <testcase name="testGotoCollections" time="1.547" classname="com.emc.metalnx.integration.test.healthcheck.HealthCheckTest"/>
  <testcase name="testGotoRules" time="0.601" classname="com.emc.metalnx.integration.test.healthcheck.HealthCheckTest"/>
  <testcase name="testGotoTrash" time="0.721" classname="com.emc.metalnx.integration.test.healthcheck.HealthCheckTest"/>
  <testcase name="testGotoSearch" time="0.614" classname="com.emc.metalnx.integration.test.healthcheck.HealthCheckTest"/>
  <testcase name="testGotoTickets" time="0.438" classname="com.emc.metalnx.integration.test.healthcheck.HealthCheckTest"/>
  <testcase name="testGotoGroups" time="0.439" classname="com.emc.metalnx.integration.test.healthcheck.HealthCheckTest"/>
  <testcase name="testGotoFavorites" time="0.772" classname="com.emc.metalnx.integration.test.healthcheck.HealthCheckTest"/>
  <testcase name="testGotoUsers" time="0.487" classname="com.emc.metalnx.integration.test.healthcheck.HealthCheckTest"/>
  <testcase name="testGotoProfile" time="0.450" classname="com.emc.metalnx.integration.test.healthcheck.HealthCheckTest"/>
  <testcase name="testGotoResources" time="1.100" classname="com.emc.metalnx.integration.test.healthcheck.HealthCheckTest"/>
</testsuite> <!-- com.emc.metalnx.integration.test.healthcheck.HealthCheckTest -->
