<?xml version="1.0" encoding="UTF-8"?>
<!-- Generated by org.testng.reporters.JUnitReportReporter -->
<testsuite skipped="0" hostname="DL3520-02010973" name="com.emc.metalnx.integration.test.login.LoginTest" tests="2" failures="0" timestamp="21 Nov 2017 13:48:41 GMT" time="4.537" errors="0">
  <testcase name="testInvalidUsernameAndPasswordForLogin" time="2.283" classname="com.emc.metalnx.integration.test.login.LoginTest"/>
  <testcase name="testValidUsernameAndPasswordForLogin" time="2.254" classname="com.emc.metalnx.integration.test.login.LoginTest"/>
</testsuite> <!-- com.emc.metalnx.integration.test.login.LoginTest -->
